#
# There is insufficient memory for the Java Runtime Environment to continue.
# Native memory allocation (malloc) failed to allocate 1048576 bytes for AllocateHeap
# Possible reasons:
#   The system is out of physical RAM or swap space
#   The process is running with CompressedOops enabled, and the Java Heap may be blocking the growth of the native heap
# Possible solutions:
#   Reduce memory load on the system
#   Increase physical memory or swap space
#   Check if swap backing store is full
#   Decrease Java heap size (-Xmx/-Xms)
#   Decrease number of Java threads
#   Decrease Java thread stack sizes (-Xss)
#   Set larger code cache with -XX:ReservedCodeCacheSize=
#   JVM is running with Unscaled Compressed Oops mode in which the Java heap is
#     placed in the first 4GB address space. The Java Heap base address is the
#     maximum limit for the native heap growth. Please use -XX:HeapBaseMinAddress
#     to set the Java Heap base and to place the Java Heap above 4GB virtual address.
# This output file may be truncated or incomplete.
#
#  Out of Memory Error (memory/allocation.inline.hpp:61), pid=7616, tid=0x0000000000002334
#
# JRE version:  (8.0_202-b08) (build )
# Java VM: Java HotSpot(TM) 64-Bit Server VM (25.202-b08 mixed mode windows-amd64 compressed oops)
# Failed to write core dump. Minidumps are not enabled by default on client versions of Windows
#

---------------  T H R E A D  ---------------

Current thread (0x0000000000a8d800):  JavaThread "Unknown thread" [_thread_in_vm, id=9012, stack(0x0000000002460000,0x0000000002560000)]

Stack: [0x0000000002460000,0x0000000002560000]
[error occurred during error reporting (printing stack bounds), id 0xc0000005]

Native frames: (J=compiled Java code, j=interpreted, Vv=VM code, C=native code)


---------------  P R O C E S S  ---------------

Java Threads: ( => current thread )

Other Threads:

=>0x0000000000a8d800 (exited) JavaThread "Unknown thread" [_thread_in_vm, id=9012, stack(0x0000000002460000,0x0000000002560000)]

VM state:not at safepoint (normal execution)

VM Mutex/Monitor currently owned by a thread: None

heap address: 0x00000000e1800000, size: 488 MB, Compressed Oops mode: 32-bit
Narrow klass base: 0x0000000000000000, Narrow klass shift: 3
Compressed class space size: 1073741824 Address: 0x0000000100000000

Heap:
 PSYoungGen      total 9728K, used 174K [0x00000000f5d80000, 0x00000000f6800000, 0x0000000100000000)
  eden space 8704K, 2% used [0x00000000f5d80000,0x00000000f5dab860,0x00000000f6600000)
  from space 1024K, 0% used [0x00000000f6700000,0x00000000f6700000,0x00000000f6800000)
  to   space 1024K, 0% used [0x00000000f6600000,0x00000000f6600000,0x00000000f6700000)
 ParOldGen       total 22016K, used 0K [0x00000000e1800000, 0x00000000e2d80000, 0x00000000f5d80000)
  object space 22016K, 0% used [0x00000000e1800000,0x00000000e1800000,0x00000000e2d80000)
 Metaspace       used 751K, capacity 4480K, committed 4480K, reserved 1056768K
  class space    used 76K, capacity 384K, committed 384K, reserved 1048576K

Card table byte_map: [0x0000000011a20000,0x0000000011b20000] byte_map_base: 0x0000000011314000

Marking Bits: (ParMarkBitMap*) 0x000000006d5d5ce0
 Begin Bits: [0x0000000011f20000, 0x00000000126c0000)
 End Bits:   [0x00000000126c0000, 0x0000000012e60000)

Polling page: 0x0000000000a70000

CodeCache: size=245760Kb used=328Kb max_used=328Kb free=245431Kb
 bounds [0x0000000002660000, 0x00000000028d0000, 0x0000000011660000]
 total_blobs=58 nmethods=0 adapters=38
 compilation: enabled

Compilation events (0 events):
No events

GC Heap History (0 events):
No events

Deoptimization events (0 events):
No events

Classes redefined (0 events):
No events

Internal exceptions (0 events):
No events

Events (10 events):
Event: 0.146 loading class java/lang/Short
Event: 0.146 loading class java/lang/Short done
Event: 0.146 loading class java/lang/Integer
Event: 0.146 loading class java/lang/Integer done
Event: 0.146 loading class java/lang/Long
Event: 0.147 loading class java/lang/Long done
Event: 0.149 loading class java/lang/NullPointerException
Event: 0.149 loading class java/lang/NullPointerException done
Event: 0.149 loading class java/lang/ArithmeticException
Event: 0.149 loading class java/lang/ArithmeticException done


Dynamic libraries:
0x00007ff653dd0000 - 0x00007ff653e07000 	C:\Program Files\Java\jre1.8.0_202\bin\javaw.exe
0x00007fffcb830000 - 0x00007fffcba25000 	C:\Windows\SYSTEM32\ntdll.dll
0x00007fffc9b40000 - 0x00007fffc9bfe000 	C:\Windows\System32\KERNEL32.DLL
0x00007fffc92f0000 - 0x00007fffc95b8000 	C:\Windows\System32\KERNELBASE.dll
0x00007fffcacc0000 - 0x00007fffcad6e000 	C:\Windows\System32\ADVAPI32.dll
0x00007fffcb750000 - 0x00007fffcb7ee000 	C:\Windows\System32\msvcrt.dll
0x00007fffcafb0000 - 0x00007fffcb04c000 	C:\Windows\System32\sechost.dll
0x00007fffc98e0000 - 0x00007fffc9a05000 	C:\Windows\System32\RPCRT4.dll
0x00007fffcb050000 - 0x00007fffcb1f0000 	C:\Windows\System32\USER32.dll
0x00007fffc9720000 - 0x00007fffc9742000 	C:\Windows\System32\win32u.dll
0x00007fffcaf80000 - 0x00007fffcafab000 	C:\Windows\System32\GDI32.dll
0x00007fffc9610000 - 0x00007fffc971d000 	C:\Windows\System32\gdi32full.dll
0x00007fffc91e0000 - 0x00007fffc927d000 	C:\Windows\System32\msvcp_win.dll
0x00007fffc9780000 - 0x00007fffc9880000 	C:\Windows\System32\ucrtbase.dll
0x00007fffc82e0000 - 0x00007fffc857a000 	C:\Windows\WinSxS\amd64_microsoft.windows.common-controls_6595b64144ccf1df_6.0.19041.1110_none_60b5254171f9507e\COMCTL32.dll
0x00007fffcac90000 - 0x00007fffcacc0000 	C:\Windows\System32\IMM32.DLL
0x000000006cae0000 - 0x000000006cbb2000 	C:\Program Files\Java\jre1.8.0_202\bin\msvcr100.dll
0x000000006cdb0000 - 0x000000006d655000 	C:\Program Files\Java\jre1.8.0_202\bin\server\jvm.dll
0x00007fffcab20000 - 0x00007fffcab28000 	C:\Windows\System32\PSAPI.DLL
0x00007fffb9b70000 - 0x00007fffb9b7a000 	C:\Windows\SYSTEM32\VERSION.dll
0x00007fffbe4e0000 - 0x00007fffbe4e9000 	C:\Windows\SYSTEM32\WSOCK32.dll
0x00007fffca480000 - 0x00007fffca4eb000 	C:\Windows\System32\WS2_32.dll
0x00007fffb5d70000 - 0x00007fffb5d97000 	C:\Windows\SYSTEM32\WINMM.dll
0x00007fffbd5b0000 - 0x00007fffbd5bf000 	C:\Program Files\Java\jre1.8.0_202\bin\verify.dll
0x00007fffabba0000 - 0x00007fffabbc9000 	C:\Program Files\Java\jre1.8.0_202\bin\java.dll
0x00007fffb0290000 - 0x00007fffb02a6000 	C:\Program Files\Java\jre1.8.0_202\bin\zip.dll

VM Arguments:
jvm_args: -Dfile.encoding=Cp1252 
java_command: abhay.Properties_003
java_class_path (initial): D:\abhay\bin
Launcher Type: SUN_STANDARD

Environment Variables:
PATH=C:/Program Files/Java/jre1.8.0_202/bin/server;C:/Program Files/Java/jre1.8.0_202/bin;C:/Program Files/Java/jre1.8.0_202/lib/amd64;C:\Program Files (x86)\Common Files\Oracle\Java\javapath;C:\Windows\system32;C:\Windows;C:\Windows\System32\Wbem;C:\Windows\System32\WindowsPowerShell\v1.0\;C:\Windows\System32\OpenSSH\;C:\Program Files\Java\jdk1.8.0_202\bin;C:\Users\Abhay\AppData\Local\Microsoft\WindowsApps;;D:\eclipse;
USERNAME=Abhay
OS=Windows_NT
PROCESSOR_IDENTIFIER=Intel64 Family 6 Model 42 Stepping 7, GenuineIntel



---------------  S Y S T E M  ---------------

OS: Windows 10.0 , 64 bit Build 19041 (10.0.19041.1503)

CPU:total 4 (initial active 4) (2 cores per cpu, 2 threads per core) family 6 model 42 stepping 7, cmov, cx8, fxsr, mmx, sse, sse2, sse3, ssse3, sse4.1, sse4.2, popcnt, avx, clmul, ht, tsc, tscinvbit

Memory: 4k page, physical 1991964k(84980k free), swap 8021276k(5240k free)

vm_info: Java HotSpot(TM) 64-Bit Server VM (25.202-b08) for windows-amd64 JRE (1.8.0_202-b08), built on Dec 15 2018 19:54:30 by "java_re" with MS VC++ 10.0 (VS2010)

time: Sun Sep 18 13:42:20 2022
timezone: India Standard Time
elapsed time: 0 seconds (0d 0h 0m 0s)

